IQ-TREE multicore version 2.3.4 COVID-edition for Linux x86 64-bit built Jun 18 2024
Developed by Bui Quang Minh, James Barbetti, Nguyen Lam Tung, Olga Chernomor,
Heiko Schmidt, Dominik Schrempf, Michael Woodhams, Ly Trong Nhan, Thomas Wong

Host:    DellXPS2022 (AVX512, FMA3, 7 GB RAM)
Command: iqtree -s ickFinderCDS.correctedCDS_Ctenids_FullPeptides_ToxinSorterout_noCtenuscorniger.PAL2NAL.aln.phy -T AUTO -B 1000 -st CODON1 --modelomatic
Seed:    488780 (Using SPRNG - Scalable Parallel Random Number Generator)
Time:    Wed Jul 10 13:35:41 2024
Kernel:  AVX+FMA - auto-detect threads (16 CPU cores detected)

Reading alignment file ickFinderCDS.correctedCDS_Ctenids_FullPeptides_ToxinSorterout_noCtenuscorniger.PAL2NAL.aln.phy ... Phylip format detected
Alignment most likely contains DNA/RNA sequences
Converting to codon sequences with genetic code 1 ...
Alignment has 13 sequences with 95 columns, 87 distinct patterns
43 parsimony-informative, 21 singleton sites, 31 constant sites
                                                                                           Gap/Ambiguity  Composition  p-value
Analyzing sequences: done in 0.0003594 secs using 98.5% CPU
   1  Ctenus_captiosis_female_tjc00311_clean_trinity_Trinity_TRINITY_DN2670_c0_g2_i1               2.11%    passed    100.00%
   2  Phoneutria_nigriventer_sra_clean_trinity_Trinity_TRINITY_DN26_c0_g1_i1                       2.11%    passed    100.00%
   3  Phoneutria_nigriventer_female_H_IBSP_221739_clean_trinity_Trinity_TRINITY_DN417_c0_g1_i2     2.11%    passed     99.96%
   4  Ctenus_corniger_sra_clean_trinity_Trinity_TRINITY_DN94115_c0_g1_i1                           5.26%    passed     26.85%
   5  Leptoctenus_byrrhus_female_tjc00136_clean_trinity_Trinity_TRINITY_DN2803_c0_g1_i1            2.11%    passed    100.00%
   6  Ctenus_exlineae_female_tjc00244_clean_trinity_Trinity_TRINITY_DN518_c0_g2_i2                 2.11%    passed    100.00%
   7  Ctenus_hibernalis_female_tjc00092_clean_trinity_Trinity_TRINITY_DN186_c0_g2_i1               2.11%    passed    100.00%
   8  Ctenus_hibernalis_female_4926_BCB_0001_clean_trinity_Trinity_TRINITY_DN178_c1_g2_i1          2.11%    passed    100.00%
   9  Ctenus_exlineae_female_tjc00245_clean_trinity_Trinity_TRINITY_DN5225_c0_g1_i1                2.11%    passed    100.00%
  10  Isoctenus_aff_ordinario_female_G_IBSP_221742_clean_trinity_Trinity_TRINITY_DN167_c0_g1_i5    2.11%    passed    100.00%
  11  Phoneutria_nigriventer_female_I_IBSP_221740_clean_trinity_Trinity_TRINITY_DN49_c0_g1_i4      2.11%    passed    100.00%
  12  Isoctenus_sp_female_F_IBSP_221743_clean_trinity_Trinity_TRINITY_DN2656_c0_g1_i1              2.11%    passed    100.00%
  13  Phoneutria_nigriventer_female_J_IBSP_221741_clean_trinity_Trinity_TRINITY_DN218_c0_g1_i10    2.11%    passed    100.00%
****  TOTAL                                                                                        2.35%  0 sequences failed composition chi2 test (p-value<5%; df=60)
NOTE: Ctenus_exlineae_female_tjc00245_clean_trinity_Trinity_TRINITY_DN5225_c0_g1_i1 is identical to Ctenus_exlineae_female_tjc00244_clean_trinity_Trinity_TRINITY_DN518_c0_g2_i2 but kept for subsequent analysis
NOTE: Ctenus_hibernalis_female_4926_BCB_0001_clean_trinity_Trinity_TRINITY_DN178_c1_g2_i1 is identical to Ctenus_hibernalis_female_tjc00092_clean_trinity_Trinity_TRINITY_DN186_c0_g2_i1 but kept for subsequent analysis

Creating fast initial parsimony tree by random order stepwise addition...
0.051 seconds, parsimony score: 144 (based on 64 sites)
Measuring multi-threading efficiency up to 16 CPU cores
Increase to 10 rounds for branch lengths
374 trees examined
Threads: 1 / Time: 16.010 sec / Speedup: 1.000 / Efficiency: 100% / LogL: -1441
Threads: 2 / Time: 12.301 sec / Speedup: 1.302 / Efficiency: 65% / LogL: -1441
Threads: 3 / Time: 11.517 sec / Speedup: 1.390 / Efficiency: 46% / LogL: -1441
BEST NUMBER OF THREADS: 2

Perform fast likelihood tree search using GY+F3X4+I+G model...
Estimate model parameters (epsilon = 5.000)
Perform nearest neighbor interchange...
Estimate model parameters (epsilon = 1.000)
1. Initial log-likelihood: -1130.932
2. Current log-likelihood: -1129.930
Optimal log-likelihood: -1129.463
Nonsynonymous/synonymous ratio (omega): 0.337
Transition/transversion ratio (kappa): 1.916
Proportion of invariable sites: 0.058
Gamma shape alpha: 0.905
Parameters optimization took 2 rounds (0.593 sec)
Time for fast ML tree search: 1.416 seconds

NOTE: ModelFinder requires 9 MB RAM!
Adjusted LnL: -954.511  df: 31
ModelFinder will test up to 2046 codon/AA/DNA models (sample size: 95) ...
 No. Model         -LnL         df  AIC          AICc         BIC
  1  GY+F3X4       1145.997     34  2359.994     2399.661     2446.826
  2  GY+F3X4+I     1126.808     35  2323.617     2366.329     2413.002
  3  GY+F3X4+G4    1119.363     35  2308.727     2351.439     2398.113
  4  GY+F3X4+I+G4  1119.243     36  2310.486     2356.417     2402.425
  5  GY+F3X4+R2    1121.060     36  2314.119     2360.050     2406.059
  6  GY+F3X4+R3    1118.896     38  2313.792     2366.721     2410.839
 14  GY+F3X4+I+R2  1117.901     37  2309.801     2359.134     2404.295
 15  GY+F3X4+I+R3  1117.749     39  2313.498     2370.225     2413.099
 25  GY+F1X4+G4    1131.624     29  2321.247     2348.016     2395.310
 26  GY+F1X4+I+G4  1131.333     30  2322.666     2351.728     2399.282
 27  GY+F1X4+R2    1133.047     30  2326.094     2355.156     2402.710
 36  GY+F1X4+I+R2  1131.053     31  2324.105     2355.597     2403.275
 47  GY+F+G4       1081.725     86  2335.450     4205.950     2555.083
 48  GY+F+I+G4     1081.542     87  2337.084     4524.512     2559.271
 49  GY+F+R2       1082.336     87  2338.672     4526.101     2560.859
 58  GY+F+I+R2     1081.526     88  2339.052     4949.719     2563.793
 69  MGK+F3X4+G4   1123.165     35  2316.329     2359.041     2405.715
 70  MGK+F3X4+I+G4 1122.993     36  2317.987     2363.918     2409.926
 71  MGK+F3X4+R2   1123.856     36  2319.713     2365.644     2411.653
 80  MGK+F3X4+I+R2 1123.119     37  2320.239     2369.572     2414.732
 91  MGK+F1X4+G4   1135.476     29  2328.953     2355.722     2403.015
 92  MGK+F1X4+I+G4 1135.267     30  2330.533     2359.596     2407.149
 93  MGK+F1X4+R2   1136.033     30  2332.065     2361.128     2408.682
102  MGK+F1X4+I+R2 1135.240     31  2332.481     2363.973     2411.651
113  MG+F3X4+G4    1123.180     34  2314.360     2354.027     2401.192
114  MG+F3X4+I+G4  1123.007     35  2316.015     2358.726     2405.400
115  MG+F3X4+R2    1123.859     35  2317.719     2360.431     2407.104
124  MG+F3X4+I+R2  1123.127     36  2318.254     2364.185     2410.194
135  MG+F1X4+G4    1135.498     28  2326.995     2351.601     2398.504
136  MG+F1X4+I+G4  1135.284     29  2328.569     2355.338     2402.631
137  MG+F1X4+R2    1136.040     29  2330.081     2356.850     2404.143
146  MG+F1X4+I+R2  1135.251     30  2330.503     2359.565     2407.119
157  KOSI07+F3X4+G4 1154.390     33  2374.781     2411.568     2459.059
158  KOSI07+F3X4+I+G4 1153.322     34  2374.644     2414.310     2461.476
159  KOSI07+F3X4+R2 1159.951     34  2387.902     2427.569     2474.734
168  KOSI07+F3X4+I+R2 1154.839     35  2379.679     2422.391     2469.064
179  KOSI07+F1X4+G4 1173.365     27  2400.730     2423.297     2469.685
180  KOSI07+F1X4+I+G4 1172.379     28  2400.758     2425.364     2472.267
181  KOSI07+F1X4+R2 1178.234     28  2412.467     2437.073     2483.976
190  KOSI07+F1X4+I+R2 1172.327     29  2402.654     2429.423     2476.716
201  KOSI07+F+G4   1119.981     84  2407.961     3835.961     2622.487
202  KOSI07+F+I+G4 1117.724     85  2405.449     4029.893     2622.528
203  KOSI07+F+R2   1132.107     85  2434.214     4058.659     2651.294
212  KOSI07+F+I+R2 1120.421     86  2412.842     4283.342     2632.475
223  KOSI07+FU+G4  1160.538     24  2369.077     2386.220     2430.370
224  KOSI07+FU+I+G4 1160.154     25  2370.307     2389.148     2434.154
225  KOSI07+FU+R2  1161.453     25  2372.907     2391.747     2436.754
234  KOSI07+FU+I+R2 1160.135     26  2372.270     2392.917     2438.671
245  SCHN05+F3X4+G4 1183.936     33  2433.871     2470.658     2518.149
246  SCHN05+F3X4+I+G4 1182.213     34  2432.425     2472.092     2519.257
247  SCHN05+F3X4+R2 1190.226     34  2448.452     2488.118     2535.283
256  SCHN05+F3X4+I+R2 1184.673     35  2439.347     2482.059     2528.732
267  SCHN05+F1X4+G4 1202.471     27  2458.942     2481.509     2527.897
268  SCHN05+F1X4+I+G4 1200.841     28  2457.681     2482.287     2529.190
269  SCHN05+F1X4+R2 1207.649     28  2471.297     2495.903     2542.806
278  SCHN05+F1X4+I+R2 1200.822     29  2459.644     2486.413     2533.706
289  SCHN05+F+G4   1137.317     84  2442.634     3870.634     2657.159
290  SCHN05+F+I+G4 1135.002     85  2440.004     4064.448     2657.083
291  SCHN05+F+R2   1148.817     85  2467.635     4092.079     2684.714
300  SCHN05+F+I+R2 1139.270     86  2450.540     4321.040     2670.173
311  SCHN05+FU+G4  1190.205     24  2428.411     2445.553     2489.704
312  SCHN05+FU+I+G4 1189.250     25  2428.500     2447.340     2492.347
313  SCHN05+FU+R2  1193.008     25  2436.016     2454.856     2499.863
322  SCHN05+FU+I+R2 1190.211     26  2432.423     2453.070     2498.824
333  LG+G4         1663.630     55  3437.259     3595.208     3577.722
334  LG+I+G4       1663.554     56  3439.108     3607.108     3582.125
335  LG+R2         1663.498     56  3438.995     3606.995     3582.013
344  LG+I+R2       1663.311     57  3440.621     3619.324     3586.192
355  LG+F+G4       1633.438     74  3414.876     3969.876     3603.863
356  LG+F+I+G4     1633.373     75  3416.747     4016.747     3608.288
357  LG+F+R2       1633.219     75  3416.437     4016.437     3607.978
366  LG+F+I+R2     1633.100     76  3418.199     4068.422     3612.294
377  WAG+G4        1650.552     55  3411.104     3569.053     3551.567
378  WAG+I+G4      1650.474     56  3412.948     3580.948     3555.966
379  WAG+R2        1650.252     56  3412.505     3580.505     3555.522
388  WAG+I+R2      1650.214     57  3414.429     3593.132     3560.000
399  WAG+F+G4      1623.133     74  3394.266     3949.266     3583.253
400  WAG+F+I+G4    1623.019     75  3396.038     3996.038     3587.578
401  WAG+F+R2      1622.758     75  3395.515     3995.515     3587.056
410  WAG+F+I+R2    1622.719     76  3397.437     4047.660     3591.532
421  JTT+G4        1651.859     55  3413.717     3571.666     3554.181
422  JTT+I+G4      1651.764     56  3415.527     3583.527     3558.544
423  JTT+R2        1651.602     56  3415.205     3583.205     3558.222
432  JTT+I+R2      1651.453     57  3416.907     3595.609     3562.478
443  JTT+F+G4      1621.069     74  3390.138     3945.138     3579.125
444  JTT+F+I+G4    1620.969     75  3391.938     3991.938     3583.479
445  JTT+F+R2      1620.805     75  3391.610     3991.610     3583.151
454  JTT+F+I+R2    1620.663     76  3393.326     4043.548     3587.421
WARNING: Normalizing state frequencies so that sum of them equals to 1
465  Q.pfam+G4     1667.605     55  3445.210     3603.158     3585.673
WARNING: Normalizing state frequencies so that sum of them equals to 1
466  Q.pfam+I+G4   1667.444     56  3446.888     3614.888     3589.905
WARNING: Normalizing state frequencies so that sum of them equals to 1
467  Q.pfam+R2     1667.307     56  3446.614     3614.614     3589.631
WARNING: Normalizing state frequencies so that sum of them equals to 1
476  Q.pfam+I+R2   1667.010     57  3448.019     3626.722     3593.590
WARNING: Normalizing state frequencies so that sum of them equals to 1
487  Q.pfam+F+G4   1635.395     74  3418.790     3973.790     3607.777
WARNING: Normalizing state frequencies so that sum of them equals to 1
488  Q.pfam+F+I+G4 1635.292     75  3420.584     4020.584     3612.125
WARNING: Normalizing state frequencies so that sum of them equals to 1
489  Q.pfam+F+R2   1635.148     75  3420.296     4020.296     3611.837
WARNING: Normalizing state frequencies so that sum of them equals to 1
498  Q.pfam+F+I+R2 1634.893     76  3421.786     4072.008     3615.881
WARNING: Normalizing state frequencies so that sum of them equals to 1
509  Q.bird+G4     1658.436     55  3426.872     3584.821     3567.336
WARNING: Normalizing state frequencies so that sum of them equals to 1
510  Q.bird+I+G4   1658.365     56  3428.729     3596.729     3571.746
WARNING: Normalizing state frequencies so that sum of them equals to 1
511  Q.bird+R2     1658.831     56  3429.662     3597.662     3572.680
WARNING: Normalizing state frequencies so that sum of them equals to 1
520  Q.bird+I+R2   1658.416     57  3430.831     3609.534     3576.402
WARNING: Normalizing state frequencies so that sum of them equals to 1
531  Q.bird+F+G4   1630.815     74  3409.629     3964.629     3598.616
WARNING: Normalizing state frequencies so that sum of them equals to 1
532  Q.bird+F+I+G4 1630.792     75  3411.584     4011.584     3603.125
WARNING: Normalizing state frequencies so that sum of them equals to 1
533  Q.bird+F+R2   1631.183     75  3412.367     4012.367     3603.908
WARNING: Normalizing state frequencies so that sum of them equals to 1
542  Q.bird+F+I+R2 1630.983     76  3413.966     4064.188     3608.060
WARNING: Normalizing state frequencies so that sum of them equals to 1
553  Q.mammal+G4   1660.957     55  3431.915     3589.863     3572.378
WARNING: Normalizing state frequencies so that sum of them equals to 1
554  Q.mammal+I+G4 1660.873     56  3433.745     3601.745     3576.762
WARNING: Normalizing state frequencies so that sum of them equals to 1
555  Q.mammal+R2   1661.079     56  3434.157     3602.157     3577.174
WARNING: Normalizing state frequencies so that sum of them equals to 1
564  Q.mammal+I+R2 1660.717     57  3435.434     3614.136     3581.005
WARNING: Normalizing state frequencies so that sum of them equals to 1
575  Q.mammal+F+G4 1630.883     74  3409.767     3964.767     3598.754
WARNING: Normalizing state frequencies so that sum of them equals to 1
576  Q.mammal+F+I+G4 1630.861     75  3411.723     4011.723     3603.264
WARNING: Normalizing state frequencies so that sum of them equals to 1
577  Q.mammal+F+R2 1631.067     75  3412.134     4012.134     3603.675
WARNING: Normalizing state frequencies so that sum of them equals to 1
586  Q.mammal+F+I+R2 1630.986     76  3413.972     4064.195     3608.067
597  Q.insect+G4   1668.634     55  3447.268     3605.217     3587.731
598  Q.insect+I+G4 1668.468     56  3448.936     3616.936     3591.954
599  Q.insect+R2   1668.465     56  3448.930     3616.930     3591.947
608  Q.insect+I+R2 1668.154     57  3450.308     3629.011     3595.879
619  Q.insect+F+G4 1636.100     74  3420.199     3975.199     3609.186
620  Q.insect+F+I+G4 1636.048     75  3422.096     4022.096     3613.637
621  Q.insect+F+R2 1636.121     75  3422.241     4022.241     3613.782
630  Q.insect+F+I+R2 1635.923     76  3423.847     4074.069     3617.941
WARNING: Normalizing state frequencies so that sum of them equals to 1
641  Q.plant+G4    1665.503     55  3441.007     3598.956     3581.470
WARNING: Normalizing state frequencies so that sum of them equals to 1
642  Q.plant+I+G4  1665.404     56  3442.809     3610.809     3585.826
WARNING: Normalizing state frequencies so that sum of them equals to 1
643  Q.plant+R2    1665.831     56  3443.661     3611.661     3586.678
WARNING: Normalizing state frequencies so that sum of them equals to 1
652  Q.plant+I+R2  1665.197     57  3444.393     3623.096     3589.964
WARNING: Normalizing state frequencies so that sum of them equals to 1
663  Q.plant+F+G4  1634.268     74  3416.536     3971.536     3605.522
WARNING: Normalizing state frequencies so that sum of them equals to 1
664  Q.plant+F+I+G4 1634.243     75  3418.486     4018.486     3610.027
WARNING: Normalizing state frequencies so that sum of them equals to 1
665  Q.plant+F+R2  1634.447     75  3418.893     4018.893     3610.434
WARNING: Normalizing state frequencies so that sum of them equals to 1
674  Q.plant+F+I+R2 1634.271     76  3420.543     4070.765     3614.638
WARNING: Normalizing state frequencies so that sum of them equals to 1
685  Q.yeast+G4    1676.787     55  3463.574     3621.523     3604.038
WARNING: Normalizing state frequencies so that sum of them equals to 1
686  Q.yeast+I+G4  1676.649     56  3465.298     3633.298     3608.315
WARNING: Normalizing state frequencies so that sum of them equals to 1
687  Q.yeast+R2    1676.519     56  3465.037     3633.037     3608.054
WARNING: Normalizing state frequencies so that sum of them equals to 1
696  Q.yeast+I+R2  1675.943     57  3465.887     3644.589     3611.458
WARNING: Normalizing state frequencies so that sum of them equals to 1
707  Q.yeast+F+G4  1637.928     74  3423.856     3978.856     3612.842
WARNING: Normalizing state frequencies so that sum of them equals to 1
708  Q.yeast+F+I+G4 1637.861     75  3425.722     4025.722     3617.263
WARNING: Normalizing state frequencies so that sum of them equals to 1
709  Q.yeast+F+R2  1637.929     75  3425.857     4025.857     3617.398
WARNING: Normalizing state frequencies so that sum of them equals to 1
718  Q.yeast+F+I+R2 1637.579     76  3427.157     4077.379     3621.252
729  JTTDCMut+G4   1650.814     55  3411.628     3569.577     3552.091
730  JTTDCMut+I+G4 1650.716     56  3413.433     3581.433     3556.450
731  JTTDCMut+R2   1650.542     56  3413.084     3581.084     3556.101
740  JTTDCMut+I+R2 1650.395     57  3414.790     3593.492     3560.361
751  JTTDCMut+F+G4 1620.585     74  3389.170     3944.170     3578.157
752  JTTDCMut+F+I+G4 1620.484     75  3390.967     3990.967     3582.508
753  JTTDCMut+F+R2 1620.315     75  3390.631     3990.631     3582.172
762  JTTDCMut+F+I+R2 1620.212     76  3392.424     4042.647     3586.519
773  DCMut+G4      1644.892     55  3399.784     3557.732     3540.247
774  DCMut+I+G4    1644.710     56  3401.420     3569.420     3544.437
775  DCMut+R2      1644.416     56  3400.833     3568.833     3543.850
784  DCMut+I+R2    1644.179     57  3402.358     3581.061     3547.929
795  DCMut+F+G4    1619.964     74  3387.928     3942.928     3576.915
796  DCMut+F+I+G4  1619.745     75  3389.490     3989.490     3581.031
797  DCMut+F+R2    1619.448     75  3388.895     3988.895     3580.436
806  DCMut+F+I+R2  1619.080     76  3390.159     4040.382     3584.254
817  VT+G4         1660.533     55  3431.066     3589.015     3571.529
818  VT+I+G4       1660.433     56  3432.865     3600.865     3575.883
819  VT+R2         1660.218     56  3432.436     3600.436     3575.453
828  VT+I+R2       1660.144     57  3434.288     3612.991     3579.859
839  VT+F+G4       1628.964     74  3405.927     3960.927     3594.914
840  VT+F+I+G4     1628.849     75  3407.699     4007.699     3599.240
841  VT+F+R2       1628.636     75  3407.272     4007.272     3598.812
850  VT+F+I+R2     1628.544     76  3409.088     4059.310     3603.183
861  PMB+G4        1660.282     55  3430.565     3588.514     3571.028
862  PMB+I+G4      1660.180     56  3432.361     3600.361     3575.378
863  PMB+R2        1660.059     56  3432.119     3600.119     3575.136
872  PMB+I+R2      1659.970     57  3433.940     3612.643     3579.511
883  PMB+F+G4      1631.810     74  3411.620     3966.620     3600.607
884  PMB+F+I+G4    1631.684     75  3413.368     4013.368     3604.909
885  PMB+F+R2      1631.549     75  3413.098     4013.098     3604.639
894  PMB+F+I+R2    1631.438     76  3414.876     4065.098     3608.971
905  Blosum62+G4   1660.635     55  3431.271     3589.220     3571.734
906  Blosum62+I+G4 1660.564     56  3433.128     3601.128     3576.145
907  Blosum62+R2   1660.417     56  3432.833     3600.833     3575.850
916  Blosum62+I+R2 1660.386     57  3434.772     3613.474     3580.343
927  Blosum62+F+G4 1634.469     74  3416.938     3971.938     3605.925
928  Blosum62+F+I+G4 1634.371     75  3418.741     4018.741     3610.282
929  Blosum62+F+R2 1634.196     75  3418.391     4018.391     3609.932
938  Blosum62+F+I+R2 1634.138     76  3420.276     4070.499     3614.371
949  Dayhoff+G4    1644.940     55  3399.881     3557.830     3540.344
950  Dayhoff+I+G4  1644.760     56  3401.520     3569.520     3544.537
951  Dayhoff+R2    1644.466     56  3400.932     3568.932     3543.950
960  Dayhoff+I+R2  1644.228     57  3402.456     3581.158     3548.027
971  Dayhoff+F+G4  1620.020     74  3388.041     3943.041     3577.027
972  Dayhoff+F+I+G4 1619.803     75  3389.607     3989.607     3581.147
973  Dayhoff+F+R2  1619.503     75  3389.007     3989.007     3580.548
982  Dayhoff+F+I+R2 1619.138     76  3390.276     4040.499     3584.371
993  mtREV+G4      1720.971     55  3551.941     3709.890     3692.405
994  mtREV+I+G4    1720.899     56  3553.798     3721.798     3696.815
995  mtREV+R2      1721.660     56  3555.320     3723.320     3698.337
1004  mtREV+I+R2    1721.039     57  3556.077     3734.780     3701.648
1015  mtREV+F+G4    1628.535     74  3405.071     3960.071     3594.058
1016  mtREV+F+I+G4  1628.515     75  3407.029     4007.029     3598.570
1017  mtREV+F+R2    1628.781     75  3407.563     4007.563     3599.104
1026  mtREV+F+I+R2  1628.568     76  3409.137     4059.359     3603.231
1037  mtART+G4      1733.724     55  3577.447     3735.396     3717.911
1038  mtART+I+G4    1733.596     56  3579.193     3747.193     3722.210
1039  mtART+R2      1737.704     56  3587.409     3755.409     3730.426
1048  mtART+I+R2    1732.228     57  3578.457     3757.160     3724.028
1059  mtART+F+G4    1653.608     74  3455.217     4010.217     3644.204
1060  mtART+F+I+G4  1653.463     75  3456.925     4056.925     3648.466
1061  mtART+F+R2    1655.954     75  3461.907     4061.907     3653.448
1070  mtART+F+I+R2  1646.431     76  3444.861     4095.084     3638.956
1081  mtZOA+G4      1716.611     55  3543.222     3701.171     3683.685
1082  mtZOA+I+G4    1716.457     56  3544.915     3712.915     3687.932
1083  mtZOA+R2      1719.334     56  3550.667     3718.667     3693.684
1092  mtZOA+I+R2    1715.595     57  3545.190     3723.893     3690.761
1103  mtZOA+F+G4    1642.666     74  3433.332     3988.332     3622.319
1104  mtZOA+F+I+G4  1642.557     75  3435.114     4035.114     3626.655
1105  mtZOA+F+R2    1643.536     75  3437.073     4037.073     3628.614
1114  mtZOA+F+I+R2  1642.369     76  3436.739     4086.961     3630.833
1125  mtMet+G4      1716.309     55  3542.617     3700.566     3683.081
1126  mtMet+I+G4    1716.242     56  3544.484     3712.484     3687.501
1127  mtMet+R2      1717.023     56  3546.047     3714.047     3689.064
1136  mtMet+I+R2    1716.410     57  3546.820     3725.523     3692.391
1147  mtMet+F+G4    1634.234     74  3416.468     3971.468     3605.455
1148  mtMet+F+I+G4  1634.163     75  3418.327     4018.327     3609.868
1149  mtMet+F+R2    1634.560     75  3419.119     4019.119     3610.660
1158  mtMet+F+I+R2  1634.170     76  3420.340     4070.562     3614.434
1169  mtVer+G4      1722.308     55  3554.615     3712.564     3695.079
1170  mtVer+I+G4    1722.235     56  3556.471     3724.471     3699.488
1171  mtVer+R2      1723.075     56  3558.151     3726.151     3701.168
1180  mtVer+I+R2    1722.259     57  3558.519     3737.221     3704.090
1191  mtVer+F+G4    1635.683     74  3419.367     3974.367     3608.354
1192  mtVer+F+I+G4  1635.663     75  3421.326     4021.326     3612.866
1193  mtVer+F+R2    1635.912     75  3421.825     4021.825     3613.365
1202  mtVer+F+I+R2  1635.773     76  3423.546     4073.768     3617.641
1213  mtInv+G4      1723.019     55  3556.038     3713.987     3696.501
1214  mtInv+I+G4    1722.935     56  3557.870     3725.870     3700.887
1215  mtInv+R2      1723.649     56  3559.299     3727.299     3702.316
1224  mtInv+I+R2    1723.042     57  3560.085     3738.788     3705.656
1235  mtInv+F+G4    1635.741     74  3419.482     3974.482     3608.469
1236  mtInv+F+I+G4  1635.658     75  3421.317     4021.317     3612.858
1237  mtInv+F+R2    1635.976     75  3421.952     4021.952     3613.492
1246  mtInv+F+I+R2  1635.586     76  3423.172     4073.394     3617.266
1257  mtMAM+G4      1728.870     55  3567.740     3725.688     3708.203
1258  mtMAM+I+G4    1728.756     56  3569.511     3737.511     3712.528
1259  mtMAM+R2      1731.162     56  3574.324     3742.324     3717.341
1268  mtMAM+I+R2    1728.969     57  3571.939     3750.642     3717.510
1279  mtMAM+F+G4    1637.075     74  3422.149     3977.149     3611.136
1280  mtMAM+F+I+G4  1637.008     75  3424.016     4024.016     3615.557
1281  mtMAM+F+R2    1638.338     75  3426.677     4026.677     3618.218
1290  mtMAM+F+I+R2  1636.960     76  3425.920     4076.142     3620.015
WARNING: Normalizing state frequencies so that sum of them equals to 1
1301  FLAVI+G4      1672.581     55  3455.162     3613.110     3595.625
WARNING: Normalizing state frequencies so that sum of them equals to 1
1302  FLAVI+I+G4    1672.446     56  3456.891     3624.891     3599.908
WARNING: Normalizing state frequencies so that sum of them equals to 1
1303  FLAVI+R2      1672.897     56  3457.795     3625.795     3600.812
WARNING: Normalizing state frequencies so that sum of them equals to 1
1312  FLAVI+I+R2    1672.307     57  3458.613     3637.316     3604.184
WARNING: Normalizing state frequencies so that sum of them equals to 1
1323  FLAVI+F+G4    1632.360     74  3412.720     3967.720     3601.707
WARNING: Normalizing state frequencies so that sum of them equals to 1
1324  FLAVI+F+I+G4  1632.321     75  3414.641     4014.641     3606.182
WARNING: Normalizing state frequencies so that sum of them equals to 1
1325  FLAVI+F+R2    1632.448     75  3414.896     4014.896     3606.437
WARNING: Normalizing state frequencies so that sum of them equals to 1
1334  FLAVI+F+I+R2  1632.439     76  3416.878     4067.100     3610.972
1345  HIVb+G4       1666.424     55  3442.847     3600.796     3583.310
1346  HIVb+I+G4     1666.383     56  3444.766     3612.766     3587.783
1347  HIVb+R2       1666.818     56  3445.637     3613.637     3588.654
1356  HIVb+I+R2     1666.658     57  3447.316     3626.018     3592.887
1367  HIVb+F+G4     1632.137     74  3412.274     3967.274     3601.261
1368  HIVb+F+I+G4   1632.164     75  3414.328     4014.328     3605.869
1369  HIVb+F+R2     1632.222     75  3414.444     4014.444     3605.985
1378  HIVb+F+I+R2   1632.253     76  3416.506     4066.728     3610.601
1389  HIVw+G4       1680.670     55  3471.340     3629.289     3611.803
1390  HIVw+I+G4     1680.524     56  3473.048     3641.048     3616.065
1391  HIVw+R2       1680.257     56  3472.514     3640.514     3615.532
1400  HIVw+I+R2     1680.180     57  3474.359     3653.062     3619.930
1411  HIVw+F+G4     1628.112     74  3404.223     3959.223     3593.210
1412  HIVw+F+I+G4   1628.078     75  3406.156     4006.156     3597.697
1413  HIVw+F+R2     1628.121     75  3406.242     4006.242     3597.782
1422  HIVw+F+I+R2   1628.170     76  3408.340     4058.563     3602.435
1433  FLU+G4        1668.991     55  3447.983     3605.931     3588.446
1434  FLU+I+G4      1668.870     56  3449.740     3617.740     3592.757
1435  FLU+R2        1668.734     56  3449.467     3617.467     3592.484
1444  FLU+I+R2      1668.583     57  3451.166     3629.869     3596.737
1455  FLU+F+G4      1621.019     74  3390.037     3945.037     3579.024
1456  FLU+F+I+G4    1620.893     75  3391.785     3991.785     3583.326
1457  FLU+F+R2      1620.789     75  3391.578     3991.578     3583.119
1466  FLU+F+I+R2    1620.622     76  3393.243     4043.465     3587.338
1477  rtREV+G4      1679.414     55  3468.827     3626.776     3609.291
1478  rtREV+I+G4    1679.345     56  3470.690     3638.690     3613.707
1479  rtREV+R2      1679.360     56  3470.721     3638.721     3613.738
1488  rtREV+I+R2    1678.952     57  3471.903     3650.606     3617.474
1499  rtREV+F+G4    1645.184     74  3438.368     3993.368     3627.355
1500  rtREV+F+I+G4  1645.137     75  3440.274     4040.274     3631.815
1501  rtREV+F+R2    1645.249     75  3440.499     4040.499     3632.039
1510  rtREV+F+I+R2  1644.926     76  3441.852     4092.075     3635.947
1521  cpREV+G4      1674.380     55  3458.759     3616.708     3599.222
1522  cpREV+I+G4    1674.375     56  3460.749     3628.749     3603.766
1523  cpREV+R2      1674.132     56  3460.263     3628.263     3603.280
1532  cpREV+I+R2    1674.211     57  3462.423     3641.125     3607.994
1543  cpREV+F+G4    1630.170     74  3408.340     3963.340     3597.327
1544  cpREV+F+I+G4  1630.152     75  3410.304     4010.304     3601.845
1545  cpREV+F+R2    1629.960     75  3409.919     4009.919     3601.460
1554  cpREV+F+I+R2  1630.008     76  3412.015     4062.238     3606.110
WARNING: Number of threads seems too high for short alignments. Use -T AUTO to determine best number of threads.
1565  GTR+F+G4      1159.893     32  2383.786     2417.851     2465.510
WARNING: Number of threads seems too high for short alignments. Use -T AUTO to determine best number of threads.
1566  GTR+F+I+G4    1159.837     33  2385.673     2422.460     2469.951
WARNING: Number of threads seems too high for short alignments. Use -T AUTO to determine best number of threads.
1567  GTR+F+R2      1157.574     33  2381.148     2417.935     2465.426
WARNING: Number of threads seems too high for short alignments. Use -T AUTO to determine best number of threads.
1576  GTR+F+I+R2    1153.416     34  2374.832     2414.499     2461.664
WARNING: Number of threads seems too high for short alignments. Use -T AUTO to determine best number of threads.
1587  SYM+G4        1165.813     29  2389.626     2416.396     2463.689
WARNING: Number of threads seems too high for short alignments. Use -T AUTO to determine best number of threads.
1588  SYM+I+G4      1165.749     30  2391.499     2420.561     2468.115
WARNING: Number of threads seems too high for short alignments. Use -T AUTO to determine best number of threads.
1589  SYM+R2        1164.773     30  2389.545     2418.608     2466.161
WARNING: Number of threads seems too high for short alignments. Use -T AUTO to determine best number of threads.
1598  SYM+I+R2      1160.681     31  2383.362     2414.854     2462.532
WARNING: Number of threads seems too high for short alignments. Use -T AUTO to determine best number of threads.
1609  TVM+F+G4      1162.571     31  2387.141     2418.634     2466.312
WARNING: Number of threads seems too high for short alignments. Use -T AUTO to determine best number of threads.
1610  TVM+F+I+G4    1162.494     32  2388.989     2423.053     2470.713
WARNING: Number of threads seems too high for short alignments. Use -T AUTO to determine best number of threads.
1611  TVM+F+R2      1160.536     32  2385.072     2419.137     2466.797
WARNING: Number of threads seems too high for short alignments. Use -T AUTO to determine best number of threads.
1620  TVM+F+I+R2    1156.118     33  2378.236     2415.023     2462.514
WARNING: Number of threads seems too high for short alignments. Use -T AUTO to determine best number of threads.
1631  TVMe+G4       1166.561     28  2389.121     2413.727     2460.630
WARNING: Number of threads seems too high for short alignments. Use -T AUTO to determine best number of threads.
1632  TVMe+I+G4     1166.486     29  2390.972     2417.741     2465.034
WARNING: Number of threads seems too high for short alignments. Use -T AUTO to determine best number of threads.
1633  TVMe+R2       1165.392     29  2388.785     2415.554     2462.847
WARNING: Number of threads seems too high for short alignments. Use -T AUTO to determine best number of threads.
1642  TVMe+I+R2     1161.391     30  2382.781     2411.844     2459.398
WARNING: Number of threads seems too high for short alignments. Use -T AUTO to determine best number of threads.
1653  TIM3+F+G4     1163.110     30  2386.221     2415.283     2462.837
WARNING: Number of threads seems too high for short alignments. Use -T AUTO to determine best number of threads.
1654  TIM3+F+I+G4   1163.057     31  2388.114     2419.606     2467.284
WARNING: Number of threads seems too high for short alignments. Use -T AUTO to determine best number of threads.
1655  TIM3+F+R2     1160.812     31  2383.624     2415.116     2462.794
WARNING: Number of threads seems too high for short alignments. Use -T AUTO to determine best number of threads.
1664  TIM3+F+I+R2   1156.832     32  2377.664     2411.728     2459.388
WARNING: Number of threads seems too high for short alignments. Use -T AUTO to determine best number of threads.
1675  TIM3e+G4      1169.211     27  2392.423     2414.990     2461.377
WARNING: Number of threads seems too high for short alignments. Use -T AUTO to determine best number of threads.
1676  TIM3e+I+G4    1169.143     28  2394.287     2418.893     2465.795
WARNING: Number of threads seems too high for short alignments. Use -T AUTO to determine best number of threads.
1677  TIM3e+R2      1167.907     28  2391.814     2416.420     2463.323
WARNING: Number of threads seems too high for short alignments. Use -T AUTO to determine best number of threads.
1686  TIM3e+I+R2    1163.926     29  2385.851     2412.620     2459.914
WARNING: Number of threads seems too high for short alignments. Use -T AUTO to determine best number of threads.
1697  TIM2+F+G4     1162.721     30  2385.441     2414.504     2462.057
WARNING: Number of threads seems too high for short alignments. Use -T AUTO to determine best number of threads.
1698  TIM2+F+I+G4   1162.660     31  2387.319     2418.811     2466.490
WARNING: Number of threads seems too high for short alignments. Use -T AUTO to determine best number of threads.
1699  TIM2+F+R2     1160.781     31  2383.562     2415.054     2462.732
WARNING: Number of threads seems too high for short alignments. Use -T AUTO to determine best number of threads.
1708  TIM2+F+I+R2   1156.357     32  2376.713     2410.778     2458.437
WARNING: Number of threads seems too high for short alignments. Use -T AUTO to determine best number of threads.
1719  TIM2e+G4      1166.413     27  2386.826     2409.393     2455.780
WARNING: Number of threads seems too high for short alignments. Use -T AUTO to determine best number of threads.
1720  TIM2e+I+G4    1166.345     28  2388.690     2413.296     2460.198
WARNING: Number of threads seems too high for short alignments. Use -T AUTO to determine best number of threads.
1721  TIM2e+R2      1165.228     28  2386.456     2411.062     2457.965
WARNING: Number of threads seems too high for short alignments. Use -T AUTO to determine best number of threads.
1730  TIM2e+I+R2    1161.176     29  2380.352     2407.122     2454.415
WARNING: Number of threads seems too high for short alignments. Use -T AUTO to determine best number of threads.
1741  TIM+F+G4      1165.523     30  2391.045     2420.108     2467.662
WARNING: Number of threads seems too high for short alignments. Use -T AUTO to determine best number of threads.
1742  TIM+F+I+G4    1165.462     31  2392.924     2424.416     2472.094
WARNING: Number of threads seems too high for short alignments. Use -T AUTO to determine best number of threads.
1743  TIM+F+R2      1163.903     31  2389.805     2421.297     2468.975
WARNING: Number of threads seems too high for short alignments. Use -T AUTO to determine best number of threads.
1752  TIM+F+I+R2    1159.284     32  2382.569     2416.633     2464.293
WARNING: Number of threads seems too high for short alignments. Use -T AUTO to determine best number of threads.
1763  TIMe+G4       1169.391     27  2392.782     2415.349     2461.736
WARNING: Number of threads seems too high for short alignments. Use -T AUTO to determine best number of threads.
1764  TIMe+I+G4     1169.322     28  2394.643     2419.249     2466.152
WARNING: Number of threads seems too high for short alignments. Use -T AUTO to determine best number of threads.
1765  TIMe+R2       1168.280     28  2392.560     2417.166     2464.069
WARNING: Number of threads seems too high for short alignments. Use -T AUTO to determine best number of threads.
1774  TIMe+I+R2     1164.144     29  2386.287     2413.056     2460.350
WARNING: Number of threads seems too high for short alignments. Use -T AUTO to determine best number of threads.
1785  TPM3u+F+G4    1165.773     29  2389.546     2416.316     2463.609
WARNING: Number of threads seems too high for short alignments. Use -T AUTO to determine best number of threads.
1786  TPM3u+F+I+G4  1165.697     30  2391.393     2420.456     2468.010
WARNING: Number of threads seems too high for short alignments. Use -T AUTO to determine best number of threads.
1787  TPM3u+F+R2    1163.457     30  2386.914     2415.977     2463.531
WARNING: Number of threads seems too high for short alignments. Use -T AUTO to determine best number of threads.
1796  TPM3u+F+I+R2  1159.604     31  2381.207     2412.700     2460.378
WARNING: Number of threads seems too high for short alignments. Use -T AUTO to determine best number of threads.
1807  TPM3+G4       1169.957     26  2391.914     2412.561     2458.315
WARNING: Number of threads seems too high for short alignments. Use -T AUTO to determine best number of threads.
1808  TPM3+I+G4     1169.880     27  2393.761     2416.328     2462.715
WARNING: Number of threads seems too high for short alignments. Use -T AUTO to determine best number of threads.
1809  TPM3+R2       1168.384     27  2390.769     2413.336     2459.723
WARNING: Number of threads seems too high for short alignments. Use -T AUTO to determine best number of threads.
1818  TPM3+I+R2     1164.597     28  2385.195     2409.801     2456.703
WARNING: Number of threads seems too high for short alignments. Use -T AUTO to determine best number of threads.
1829  TPM2u+F+G4    1165.056     29  2388.113     2414.882     2462.175
WARNING: Number of threads seems too high for short alignments. Use -T AUTO to determine best number of threads.
1830  TPM2u+F+I+G4  1164.977     30  2389.953     2419.016     2466.570
WARNING: Number of threads seems too high for short alignments. Use -T AUTO to determine best number of threads.
1831  TPM2u+F+R2    1163.491     30  2386.982     2416.045     2463.599
WARNING: Number of threads seems too high for short alignments. Use -T AUTO to determine best number of threads.
1840  TPM2u+F+I+R2  1158.807     31  2379.613     2411.105     2458.784
WARNING: Number of threads seems too high for short alignments. Use -T AUTO to determine best number of threads.
1851  TPM2+G4       1167.131     26  2386.261     2406.908     2452.662
WARNING: Number of threads seems too high for short alignments. Use -T AUTO to determine best number of threads.
1852  TPM2+I+G4     1167.056     27  2388.112     2410.679     2457.067
WARNING: Number of threads seems too high for short alignments. Use -T AUTO to determine best number of threads.
1853  TPM2+R2       1165.836     27  2385.672     2408.239     2454.627
WARNING: Number of threads seems too high for short alignments. Use -T AUTO to determine best number of threads.
1862  TPM2+I+R2     1161.868     28  2379.736     2404.342     2451.245
WARNING: Number of threads seems too high for short alignments. Use -T AUTO to determine best number of threads.
1873  K3Pu+F+G4     1167.892     29  2393.784     2420.553     2467.846
WARNING: Number of threads seems too high for short alignments. Use -T AUTO to determine best number of threads.
1874  K3Pu+F+I+G4   1167.814     30  2395.628     2424.691     2472.245
WARNING: Number of threads seems too high for short alignments. Use -T AUTO to determine best number of threads.
1875  K3Pu+F+R2     1166.343     30  2392.685     2421.748     2469.302
WARNING: Number of threads seems too high for short alignments. Use -T AUTO to determine best number of threads.
1884  K3Pu+F+I+R2   1161.718     31  2385.435     2416.927     2464.605
WARNING: Number of threads seems too high for short alignments. Use -T AUTO to determine best number of threads.
1895  K3P+G4        1170.130     26  2392.259     2412.906     2458.660
WARNING: Number of threads seems too high for short alignments. Use -T AUTO to determine best number of threads.
1896  K3P+I+G4      1170.053     27  2394.106     2416.673     2463.061
WARNING: Number of threads seems too high for short alignments. Use -T AUTO to determine best number of threads.
1897  K3P+R2        1168.854     27  2391.707     2414.274     2460.662
WARNING: Number of threads seems too high for short alignments. Use -T AUTO to determine best number of threads.
1906  K3P+I+R2      1164.791     28  2385.582     2410.188     2457.090
WARNING: Number of threads seems too high for short alignments. Use -T AUTO to determine best number of threads.
1917  TN+F+G4       1165.616     29  2389.232     2416.002     2463.295
WARNING: Number of threads seems too high for short alignments. Use -T AUTO to determine best number of threads.
1918  TN+F+I+G4     1165.557     30  2391.113     2420.176     2467.729
WARNING: Number of threads seems too high for short alignments. Use -T AUTO to determine best number of threads.
1919  TN+F+R2       1163.882     30  2387.763     2416.826     2464.380
WARNING: Number of threads seems too high for short alignments. Use -T AUTO to determine best number of threads.
1928  TN+F+I+R2     1159.296     31  2380.592     2412.084     2459.762
WARNING: Number of threads seems too high for short alignments. Use -T AUTO to determine best number of threads.
1939  TNe+G4        1169.554     26  2391.108     2411.755     2457.509
WARNING: Number of threads seems too high for short alignments. Use -T AUTO to determine best number of threads.
1940  TNe+I+G4      1169.485     27  2392.970     2415.537     2461.924
WARNING: Number of threads seems too high for short alignments. Use -T AUTO to determine best number of threads.
1941  TNe+R2        1168.299     27  2390.598     2413.165     2459.553
WARNING: Number of threads seems too high for short alignments. Use -T AUTO to determine best number of threads.
1950  TNe+I+R2      1164.200     28  2384.400     2409.006     2455.908
WARNING: Number of threads seems too high for short alignments. Use -T AUTO to determine best number of threads.
1961  HKY+F+G4      1168.019     28  2392.038     2416.644     2463.546
WARNING: Number of threads seems too high for short alignments. Use -T AUTO to determine best number of threads.
1962  HKY+F+I+G4    1167.942     29  2393.883     2420.653     2467.946
WARNING: Number of threads seems too high for short alignments. Use -T AUTO to determine best number of threads.
1963  HKY+F+R2      1166.338     29  2390.675     2417.444     2464.737
WARNING: Number of threads seems too high for short alignments. Use -T AUTO to determine best number of threads.
1972  HKY+F+I+R2    1161.777     30  2383.554     2412.616     2460.170
WARNING: Number of threads seems too high for short alignments. Use -T AUTO to determine best number of threads.
1983  K2P+G4        1170.304     25  2390.609     2409.449     2454.456
WARNING: Number of threads seems too high for short alignments. Use -T AUTO to determine best number of threads.
1984  K2P+I+G4      1170.227     26  2392.454     2413.101     2458.855
WARNING: Number of threads seems too high for short alignments. Use -T AUTO to determine best number of threads.
1985  K2P+R2        1168.868     26  2389.737     2410.384     2456.138
WARNING: Number of threads seems too high for short alignments. Use -T AUTO to determine best number of threads.
1994  K2P+I+R2      1164.837     27  2383.673     2406.240     2452.628
WARNING: Number of threads seems too high for short alignments. Use -T AUTO to determine best number of threads.
2005  F81+F+G4      1187.353     27  2428.706     2451.273     2497.660
WARNING: Number of threads seems too high for short alignments. Use -T AUTO to determine best number of threads.
2006  F81+F+I+G4    1187.303     28  2430.607     2455.213     2502.115
WARNING: Number of threads seems too high for short alignments. Use -T AUTO to determine best number of threads.
2007  F81+F+R2      1187.395     28  2430.789     2455.395     2502.298
WARNING: Number of threads seems too high for short alignments. Use -T AUTO to determine best number of threads.
2016  F81+F+I+R2    1187.998     29  2433.995     2460.765     2508.058
WARNING: Number of threads seems too high for short alignments. Use -T AUTO to determine best number of threads.
2027  JC+G4         1188.848     24  2425.697     2442.839     2486.990
WARNING: Number of threads seems too high for short alignments. Use -T AUTO to determine best number of threads.
2028  JC+I+G4       1188.799     25  2427.598     2446.438     2491.445
WARNING: Number of threads seems too high for short alignments. Use -T AUTO to determine best number of threads.
2029  JC+R2         1188.796     25  2427.591     2446.432     2491.438
WARNING: Number of threads seems too high for short alignments. Use -T AUTO to determine best number of threads.
2038  JC+I+R2       1189.472     26  2430.944     2451.591     2497.345
Akaike Information Criterion:           GY+F3X4+G4
Corrected Akaike Information Criterion: GY+F1X4+G4
Bayesian Information Criterion:         GY+F1X4+G4
Best-fit model: GY+F1X4+G4 chosen according to BIC

All model information printed to ickFinderCDS.correctedCDS_Ctenids_FullPeptides_ToxinSorterout_noCtenuscorniger.PAL2NAL.aln.phy.model.gz
CPU time for ModelFinder: 145.832 seconds (0h:2m:25s)
Wall-clock time for ModelFinder: 74.842 seconds (0h:1m:14s)
WARNING: States(s) ACG, AGC, AGG, AGT, CCG, CGA, CGC, CGG, GCG, TCG rarely appear in alignment and may cause numerical problems
Generating 1000 samples for ultrafast bootstrap (seed: 488780)...

NOTE: 4 MB RAM (0 GB) is required!
Estimate model parameters (epsilon = 0.100)
1. Initial log-likelihood: -1131.624
Optimal log-likelihood: -1131.624
Nonsynonymous/synonymous ratio (omega): 0.297
Transition/transversion ratio (kappa): 1.996
Gamma shape alpha: 0.905
Parameters optimization took 1 rounds (0.168 sec)
Wrote distance file to... 
Computing ML distances based on estimated model parameters...
Calculating distance matrix: done in 0.146201 secs using 200% CPU
Computing ML distances took 0.147307 sec (of wall-clock time) 0.292659 sec (of CPU time)
Setting up auxiliary I and S matrices: done in 0.000326725 secs using 112.6% CPU
Computing RapidNJ tree took 0.003469 sec (of wall-clock time) 0.003316 sec (of CPU time)
Log-likelihood of RapidNJ tree: -1138.133
--------------------------------------------------------------------
|             INITIALIZING CANDIDATE TREE SET                      |
--------------------------------------------------------------------
Generating 98 parsimony trees... 0.022 second
Computing log-likelihood of 98 initial trees ... 3.006 seconds
Current best score: -1131.624

Do NNI search on 20 best initial trees
Estimate model parameters (epsilon = 0.100)
BETTER TREE FOUND at iteration 1: -1131.624
Iteration 10 / LogL: -1138.133 / Time: 0h:1m:19s
Iteration 20 / LogL: -1139.656 / Time: 0h:1m:20s
Finish initializing candidate tree set (20)
Current best tree score: -1131.624 / CPU time: 4.958
Number of iterations: 20
--------------------------------------------------------------------
|               OPTIMIZING CANDIDATE TREE SET                      |
--------------------------------------------------------------------
Iteration 30 / LogL: -1171.478 / Time: 0h:1m:23s (0h:0m:20s left)
Iteration 40 / LogL: -1137.357 / Time: 0h:1m:26s (0h:0m:17s left)
Iteration 50 / LogL: -1169.768 / Time: 0h:1m:30s (0h:0m:15s left)
Log-likelihood cutoff on original alignment: -1185.734
Iteration 60 / LogL: -1151.279 / Time: 0h:1m:32s (0h:0m:12s left)
Iteration 70 / LogL: -1142.008 / Time: 0h:1m:35s (0h:0m:9s left)
Iteration 80 / LogL: -1162.812 / Time: 0h:1m:38s (0h:0m:6s left)
Iteration 90 / LogL: -1179.707 / Time: 0h:1m:42s (0h:0m:3s left)
BETTER TREE FOUND at iteration 100: -1131.622
Iteration 100 / LogL: -1131.622 / Time: 0h:1m:44s (0h:0m:29s left)
Log-likelihood cutoff on original alignment: -1185.874
NOTE: Bootstrap correlation coefficient of split occurrence frequencies: 0.989
NOTE: UFBoot does not converge, continue at least 100 more iterations
Iteration 110 / LogL: -1138.541 / Time: 0h:1m:46s (0h:0m:26s left)
Iteration 120 / LogL: -1136.332 / Time: 0h:1m:50s (0h:0m:24s left)
Iteration 130 / LogL: -1149.467 / Time: 0h:1m:52s (0h:0m:20s left)
Iteration 140 / LogL: -1147.956 / Time: 0h:1m:55s (0h:0m:17s left)
Iteration 150 / LogL: -1169.612 / Time: 0h:1m:57s (0h:0m:14s left)
Log-likelihood cutoff on original alignment: -1185.569
Iteration 160 / LogL: -1132.362 / Time: 0h:1m:59s (0h:0m:11s left)
Iteration 170 / LogL: -1141.241 / Time: 0h:2m:2s (0h:0m:8s left)
Iteration 180 / LogL: -1178.665 / Time: 0h:2m:4s (0h:0m:5s left)
Iteration 190 / LogL: -1137.860 / Time: 0h:2m:7s (0h:0m:2s left)
Iteration 200 / LogL: -1171.677 / Time: 0h:2m:10s (0h:0m:0s left)
Log-likelihood cutoff on original alignment: -1185.569
NOTE: Bootstrap correlation coefficient of split occurrence frequencies: 0.983
NOTE: UFBoot does not converge, continue at least 100 more iterations
Iteration 210 / LogL: -1132.261 / Time: 0h:2m:12s (0h:0m:24s left)
Iteration 220 / LogL: -1144.473 / Time: 0h:2m:15s (0h:0m:22s left)
Iteration 230 / LogL: -1143.589 / Time: 0h:2m:17s (0h:0m:19s left)
Iteration 240 / LogL: -1146.395 / Time: 0h:2m:19s (0h:0m:16s left)
Iteration 250 / LogL: -1172.142 / Time: 0h:2m:22s (0h:0m:13s left)
Log-likelihood cutoff on original alignment: -1185.569
Iteration 260 / LogL: -1133.207 / Time: 0h:2m:25s (0h:0m:10s left)
Iteration 270 / LogL: -1145.807 / Time: 0h:2m:27s (0h:0m:8s left)
Iteration 280 / LogL: -1186.177 / Time: 0h:2m:29s (0h:0m:5s left)
Iteration 290 / LogL: -1145.359 / Time: 0h:2m:32s (0h:0m:2s left)
Iteration 300 / LogL: -1149.260 / Time: 0h:2m:35s (0h:0m:0s left)
Log-likelihood cutoff on original alignment: -1185.569
NOTE: Bootstrap correlation coefficient of split occurrence frequencies: 0.991
TREE SEARCH COMPLETED AFTER 300 ITERATIONS / Time: 0h:2m:35s

--------------------------------------------------------------------
|                    FINALIZING TREE SEARCH                        |
--------------------------------------------------------------------
Performs final model parameters optimization
Estimate model parameters (epsilon = 0.010)
1. Initial log-likelihood: -1131.622
Optimal log-likelihood: -1131.622
Nonsynonymous/synonymous ratio (omega): 0.297
Transition/transversion ratio (kappa): 1.995
Gamma shape alpha: 0.905
Parameters optimization took 1 rounds (0.179 sec)
BEST SCORE FOUND : -1131.622
Creating bootstrap support values...
Split supports printed to NEXUS file ickFinderCDS.correctedCDS_Ctenids_FullPeptides_ToxinSorterout_noCtenuscorniger.PAL2NAL.aln.phy.splits.nex
Total tree length: 2.663

Total number of iterations: 300
CPU time used for tree search: 160.619 sec (0h:2m:40s)
Wall-clock time used for tree search: 80.413 sec (0h:1m:20s)
Total CPU time used: 307.603 sec (0h:5m:7s)
Total wall-clock time used: 155.891 sec (0h:2m:35s)

Computing bootstrap consensus tree...
Reading input file ickFinderCDS.correctedCDS_Ctenids_FullPeptides_ToxinSorterout_noCtenuscorniger.PAL2NAL.aln.phy.splits.nex...
13 taxa and 80 splits.
Consensus tree written to ickFinderCDS.correctedCDS_Ctenids_FullPeptides_ToxinSorterout_noCtenuscorniger.PAL2NAL.aln.phy.contree
Reading input trees file ickFinderCDS.correctedCDS_Ctenids_FullPeptides_ToxinSorterout_noCtenuscorniger.PAL2NAL.aln.phy.contree
Log-likelihood of consensus tree: -1142.593

Analysis results written to: 
  IQ-TREE report:                ickFinderCDS.correctedCDS_Ctenids_FullPeptides_ToxinSorterout_noCtenuscorniger.PAL2NAL.aln.phy.iqtree
  Maximum-likelihood tree:       ickFinderCDS.correctedCDS_Ctenids_FullPeptides_ToxinSorterout_noCtenuscorniger.PAL2NAL.aln.phy.treefile
  Likelihood distances:          ickFinderCDS.correctedCDS_Ctenids_FullPeptides_ToxinSorterout_noCtenuscorniger.PAL2NAL.aln.phy.mldist

Ultrafast bootstrap approximation results written to:
  Split support values:          ickFinderCDS.correctedCDS_Ctenids_FullPeptides_ToxinSorterout_noCtenuscorniger.PAL2NAL.aln.phy.splits.nex
  Consensus tree:                ickFinderCDS.correctedCDS_Ctenids_FullPeptides_ToxinSorterout_noCtenuscorniger.PAL2NAL.aln.phy.contree
  Screen log file:               ickFinderCDS.correctedCDS_Ctenids_FullPeptides_ToxinSorterout_noCtenuscorniger.PAL2NAL.aln.phy.log

Date and Time: Wed Jul 10 13:38:17 2024
