IQ-TREE multicore version 2.3.4 COVID-edition for Linux x86 64-bit built Jun 18 2024
Developed by Bui Quang Minh, James Barbetti, Nguyen Lam Tung, Olga Chernomor,
Heiko Schmidt, Dominik Schrempf, Michael Woodhams, Ly Trong Nhan, Thomas Wong

Host:    DellXPS2022 (AVX512, FMA3, 7 GB RAM)
Command: iqtree -s ickFinderCDS.correctedCDS_Ctenids_FullPeptides_ToxinSorterout_noCtenuscorniger.PAL2NAL.aln.phy -B 1000 --model-joint UNREST -T AUTO --prefix nonrev_dna_ToxinSorterout_noCtenusconiger
Seed:    373717 (Using SPRNG - Scalable Parallel Random Number Generator)
Time:    Wed Jul 10 13:43:19 2024
Kernel:  AVX+FMA - auto-detect threads (16 CPU cores detected)

Reading alignment file ickFinderCDS.correctedCDS_Ctenids_FullPeptides_ToxinSorterout_noCtenuscorniger.PAL2NAL.aln.phy ... Phylip format detected
Alignment most likely contains DNA/RNA sequences
Alignment has 13 sequences with 285 columns, 92 distinct patterns
65 parsimony-informative, 49 singleton sites, 171 constant sites
                                                                                           Gap/Ambiguity  Composition  p-value
Analyzing sequences: done in 0.011765 secs using 1345% CPU
   1  Ctenus_captiosis_female_tjc00311_clean_trinity_Trinity_TRINITY_DN2670_c0_g2_i1               2.11%    passed     92.21%
   2  Phoneutria_nigriventer_sra_clean_trinity_Trinity_TRINITY_DN26_c0_g1_i1                       2.11%    passed     88.05%
   3  Phoneutria_nigriventer_female_H_IBSP_221739_clean_trinity_Trinity_TRINITY_DN417_c0_g1_i2     2.11%    passed     83.14%
   4  Ctenus_corniger_sra_clean_trinity_Trinity_TRINITY_DN94115_c0_g1_i1                           5.26%    passed     59.21%
   5  Leptoctenus_byrrhus_female_tjc00136_clean_trinity_Trinity_TRINITY_DN2803_c0_g1_i1            2.11%    passed     99.11%
   6  Ctenus_exlineae_female_tjc00244_clean_trinity_Trinity_TRINITY_DN518_c0_g2_i2                 2.11%    passed     98.83%
   7  Ctenus_hibernalis_female_tjc00092_clean_trinity_Trinity_TRINITY_DN186_c0_g2_i1               2.11%    passed     98.93%
   8  Ctenus_hibernalis_female_4926_BCB_0001_clean_trinity_Trinity_TRINITY_DN178_c1_g2_i1          2.11%    passed     98.93%
   9  Ctenus_exlineae_female_tjc00245_clean_trinity_Trinity_TRINITY_DN5225_c0_g1_i1                2.11%    passed     98.83%
  10  Isoctenus_aff_ordinario_female_G_IBSP_221742_clean_trinity_Trinity_TRINITY_DN167_c0_g1_i5    2.11%    passed     97.64%
  11  Phoneutria_nigriventer_female_I_IBSP_221740_clean_trinity_Trinity_TRINITY_DN49_c0_g1_i4      2.11%    passed     99.93%
  12  Isoctenus_sp_female_F_IBSP_221743_clean_trinity_Trinity_TRINITY_DN2656_c0_g1_i1              2.11%    passed     99.67%
  13  Phoneutria_nigriventer_female_J_IBSP_221741_clean_trinity_Trinity_TRINITY_DN218_c0_g1_i10    2.11%    passed     99.47%
****  TOTAL                                                                                        2.35%  0 sequences failed composition chi2 test (p-value<5%; df=3)
NOTE: Ctenus_exlineae_female_tjc00245_clean_trinity_Trinity_TRINITY_DN5225_c0_g1_i1 is identical to Ctenus_exlineae_female_tjc00244_clean_trinity_Trinity_TRINITY_DN518_c0_g2_i2 but kept for subsequent analysis
NOTE: Ctenus_hibernalis_female_4926_BCB_0001_clean_trinity_Trinity_TRINITY_DN178_c1_g2_i1 is identical to Ctenus_hibernalis_female_tjc00092_clean_trinity_Trinity_TRINITY_DN186_c0_g2_i1 but kept for subsequent analysis

Create initial parsimony tree by phylogenetic likelihood library (PLL)... 0.004 seconds
Generating 1000 samples for ultrafast bootstrap (seed: 373717)...

NOTE: 0 MB RAM (0 GB) is required!
Measuring multi-threading efficiency up to 16 CPU cores
Increase to 10 rounds for branch lengths
15668 trees examined
Threads: 1 / Time: 16.001 sec / Speedup: 1.000 / Efficiency: 100% / LogL: -1608
Threads: 2 / Time: 16.723 sec / Speedup: 0.957 / Efficiency: 48% / LogL: -1608
BEST NUMBER OF THREADS: 1

Estimate model parameters (epsilon = 0.100)
1. Initial log-likelihood: -1209.310
2. Current log-likelihood: -1174.509
3. Current log-likelihood: -1174.122
Optimal log-likelihood: -1174.066
Substitution rates:
  A-C: 2.13294  A-G: 3.17031  A-T: 0.92484  C-A: 3.04666  C-G: 0.64154  C-T: 7.13477
  G-A: 2.73418  G-C: 1.24401  G-T: 0.92747  T-A: 1.81413  T-C: 3.35463  T-G: 1.00000
Base frequencies:  A: 0.282  C: 0.173  G: 0.263  T: 0.282
Parameters optimization took 3 rounds (0.016 sec)
Wrote distance file to... 
Computing ML distances based on estimated model parameters...
Calculating distance matrix: done in 0.000369706 secs using 97.37% CPU
Computing ML distances took 0.000904 sec (of wall-clock time) 0.000517 sec (of CPU time)
Setting up auxiliary I and S matrices: done in 2.6946e-05 secs using 96.49% CPU
Computing RapidNJ tree took 0.000314 sec (of wall-clock time) 0.000189 sec (of CPU time)
Log-likelihood of RapidNJ tree: -1177.522
--------------------------------------------------------------------
|             INITIALIZING CANDIDATE TREE SET                      |
--------------------------------------------------------------------
Generating 98 parsimony trees... 0.032 second
Computing log-likelihood of 98 initial trees ... 0.033 seconds
Current best score: -1174.066

Do NNI search on 20 best initial trees
Estimate model parameters (epsilon = 0.100)
BETTER TREE FOUND at iteration 1: -1172.032
Estimate model parameters (epsilon = 0.100)
UPDATE BEST LOG-LIKELIHOOD: -1171.978
Iteration 10 / LogL: -1176.439 / Time: 0h:0m:32s
Iteration 20 / LogL: -1175.058 / Time: 0h:0m:33s
Finish initializing candidate tree set (8)
Current best tree score: -1171.978 / CPU time: 0.185
Number of iterations: 20
--------------------------------------------------------------------
|               OPTIMIZING CANDIDATE TREE SET                      |
--------------------------------------------------------------------
UPDATE BEST LOG-LIKELIHOOD: -1171.969
Iteration 30 / LogL: -1173.363 / Time: 0h:0m:33s (0h:1m:20s left)
UPDATE BEST LOG-LIKELIHOOD: -1171.968
UPDATE BEST LOG-LIKELIHOOD: -1171.968
Iteration 40 / LogL: -1172.280 / Time: 0h:0m:33s (0h:0m:51s left)
Iteration 50 / LogL: -1173.684 / Time: 0h:0m:33s (0h:0m:34s left)
Log-likelihood cutoff on original alignment: -1199.894
Iteration 60 / LogL: -1172.046 / Time: 0h:0m:33s (0h:0m:23s left)
Iteration 70 / LogL: -1174.917 / Time: 0h:0m:33s (0h:0m:14s left)
Iteration 80 / LogL: -1172.250 / Time: 0h:0m:33s (0h:0m:8s left)
UPDATE BEST LOG-LIKELIHOOD: -1171.968
Iteration 90 / LogL: -1173.347 / Time: 0h:0m:33s (0h:0m:4s left)
Iteration 100 / LogL: -1172.255 / Time: 0h:0m:33s (0h:0m:0s left)
Log-likelihood cutoff on original alignment: -1199.894
NOTE: Bootstrap correlation coefficient of split occurrence frequencies: 0.997
UPDATE BEST LOG-LIKELIHOOD: -1171.968
TREE SEARCH COMPLETED AFTER 102 ITERATIONS / Time: 0h:0m:33s

--------------------------------------------------------------------
|                    FINALIZING TREE SEARCH                        |
--------------------------------------------------------------------
Performs final model parameters optimization
Estimate model parameters (epsilon = 0.010)
1. Initial log-likelihood: -1171.968
Optimal log-likelihood: -1171.967
Substitution rates:
  A-C: 1.79995  A-G: 2.89057  A-T: 0.86809  C-A: 2.54176  C-G: 0.39021  C-T: 6.55839
  G-A: 2.50060  G-C: 1.39339  G-T: 0.61953  T-A: 1.74082  T-C: 2.69788  T-G: 1.00000
Base frequencies:  A: 0.284  C: 0.173  G: 0.260  T: 0.283
Parameters optimization took 1 rounds (0.003 sec)
BEST SCORE FOUND : -1171.967
Creating bootstrap support values...
Split supports printed to NEXUS file nonrev_dna_ToxinSorterout_noCtenusconiger.splits.nex
Total tree length: 0.746

Total number of iterations: 102
CPU time used for tree search: 0.757 sec (0h:0m:0s)
Wall-clock time used for tree search: 0.815 sec (0h:0m:0s)
Total CPU time used: 50.215 sec (0h:0m:50s)
Total wall-clock time used: 33.701 sec (0h:0m:33s)
Computing rootstrap supports...
Annotated tree (best viewed in FigTree) written to nonrev_dna_ToxinSorterout_noCtenusconiger.rootstrap.nex

Computing bootstrap consensus tree...
Reading input file nonrev_dna_ToxinSorterout_noCtenusconiger.splits.nex...
13 taxa and 89 splits.
Consensus tree written to nonrev_dna_ToxinSorterout_noCtenusconiger.contree
Reading input trees file nonrev_dna_ToxinSorterout_noCtenusconiger.contree
Log-likelihood of consensus tree: -1171.970

Analysis results written to: 
  IQ-TREE report:                nonrev_dna_ToxinSorterout_noCtenusconiger.iqtree
  Maximum-likelihood tree:       nonrev_dna_ToxinSorterout_noCtenusconiger.treefile
  Likelihood distances:          nonrev_dna_ToxinSorterout_noCtenusconiger.mldist

Ultrafast bootstrap approximation results written to:
  Split support values:          nonrev_dna_ToxinSorterout_noCtenusconiger.splits.nex
  Consensus tree:                nonrev_dna_ToxinSorterout_noCtenusconiger.contree
  ML tree with rootstrap:        nonrev_dna_ToxinSorterout_noCtenusconiger.rootstrap.nex
  Screen log file:               nonrev_dna_ToxinSorterout_noCtenusconiger.log

Date and Time: Wed Jul 10 13:43:53 2024
